0 info it worked if it ends with ok
1 verbose cli [ 'C:\\Program Files\\nodejs\\node.exe',
1 verbose cli   'C:\\Program Files\\nodejs\\node_modules\\npm\\bin\\npm-cli.js',
1 verbose cli   'run',
1 verbose cli   'build' ]
2 info using npm@3.10.10
3 info using node@v6.10.3
4 verbose run-script [ 'prebuild', 'build', 'postbuild' ]
5 info lifecycle portfolio@0.0.1~prebuild: portfolio@0.0.1
6 silly lifecycle portfolio@0.0.1~prebuild: no script for prebuild, continuing
7 info lifecycle portfolio@0.0.1~build: portfolio@0.0.1
8 verbose lifecycle portfolio@0.0.1~build: unsafe-perm in lifecycle true
9 verbose lifecycle portfolio@0.0.1~build: PATH: C:\Program Files\nodejs\node_modules\npm\bin\node-gyp-bin;C:\Users\BiloLwabona\Midnite\portfolio\node_modules\.bin;C:\Windows\system32;C:\Windows;C:\Windows\System32\Wbem;C:\Windows\System32\WindowsPowerShell\v1.0\;C:\Windows\system32\config\systemprofile\.dnx\bin;C:\Program Files\Microsoft DNX\Dnvm\;C:\Program Files\Microsoft SQL Server\130\Tools\Binn\;C:\Program Files\Git\cmd;C:\Program Files\nodejs\;C:\Users\BiloLwabona\AppData\Local\Microsoft\WindowsApps;;C:\Program Files (x86)\Microsoft VS Code\bin;C:\Users\BiloLwabona\AppData\Roaming\npm
10 verbose lifecycle portfolio@0.0.1~build: CWD: C:\Users\BiloLwabona\Midnite\portfolio
11 silly lifecycle portfolio@0.0.1~build: Args: [ '/d /s /c', 'webpack -p' ]
12 silly lifecycle portfolio@0.0.1~build: Returned: code: 2  signal: null
13 info lifecycle portfolio@0.0.1~build: Failed to exec build script
14 verbose stack Error: portfolio@0.0.1 build: `webpack -p`
14 verbose stack Exit status 2
14 verbose stack     at EventEmitter.<anonymous> (C:\Program Files\nodejs\node_modules\npm\lib\utils\lifecycle.js:255:16)
14 verbose stack     at emitTwo (events.js:106:13)
14 verbose stack     at EventEmitter.emit (events.js:191:7)
14 verbose stack     at ChildProcess.<anonymous> (C:\Program Files\nodejs\node_modules\npm\lib\utils\spawn.js:40:14)
14 verbose stack     at emitTwo (events.js:106:13)
14 verbose stack     at ChildProcess.emit (events.js:191:7)
14 verbose stack     at maybeClose (internal/child_process.js:886:16)
14 verbose stack     at Process.ChildProcess._handle.onexit (internal/child_process.js:226:5)
15 verbose pkgid portfolio@0.0.1
16 verbose cwd C:\Users\BiloLwabona\Midnite\portfolio
17 error Windows_NT 10.0.15063
18 error argv "C:\\Program Files\\nodejs\\node.exe" "C:\\Program Files\\nodejs\\node_modules\\npm\\bin\\npm-cli.js" "run" "build"
19 error node v6.10.3
20 error npm  v3.10.10
21 error code ELIFECYCLE
22 error portfolio@0.0.1 build: `webpack -p`
22 error Exit status 2
23 error Failed at the portfolio@0.0.1 build script 'webpack -p'.
23 error Make sure you have the latest version of node.js and npm installed.
23 error If you do, this is most likely a problem with the portfolio package,
23 error not with npm itself.
23 error Tell the author that this fails on your system:
23 error     webpack -p
23 error You can get information on how to open an issue for this project with:
23 error     npm bugs portfolio
23 error Or if that isn't available, you can get their info via:
23 error     npm owner ls portfolio
23 error There is likely additional logging output above.
24 verbose exit [ 1, true ]
